\BOOKMARK [1][-]{section*.1}{Contents}{}% 1
\BOOKMARK [1][-]{section.1}{Package coinor.gimpy}{}% 2
\BOOKMARK [2][-]{subsection.1.1}{Modules}{section.1}% 3
\BOOKMARK [2][-]{subsection.1.2}{Variables}{section.1}% 4
\BOOKMARK [1][-]{section.2}{Module coinor.gimpy.global\137constants}{}% 5
\BOOKMARK [2][-]{subsection.2.1}{Functions}{section.2}% 6
\BOOKMARK [2][-]{subsection.2.2}{Variables}{section.2}% 7
\BOOKMARK [2][-]{subsection.2.3}{Class MultipleNodeException}{section.2}% 8
\BOOKMARK [3][-]{subsubsection.2.3.1}{Methods}{subsection.2.3}% 9
\BOOKMARK [3][-]{subsubsection.2.3.2}{Properties}{subsection.2.3}% 10
\BOOKMARK [2][-]{subsection.2.4}{Class MultipleEdgeException}{section.2}% 11
\BOOKMARK [3][-]{subsubsection.2.4.1}{Methods}{subsection.2.4}% 12
\BOOKMARK [3][-]{subsubsection.2.4.2}{Properties}{subsection.2.4}% 13
\BOOKMARK [1][-]{section.3}{Module coinor.gimpy.graph}{}% 14
\BOOKMARK [2][-]{subsection.3.1}{Variables}{section.3}% 15
\BOOKMARK [2][-]{subsection.3.2}{Class Node}{section.3}% 16
\BOOKMARK [3][-]{subsubsection.3.2.1}{Methods}{subsection.3.2}% 17
\BOOKMARK [3][-]{subsubsection.3.2.2}{Properties}{subsection.3.2}% 18
\BOOKMARK [2][-]{subsection.3.3}{Class Graph}{section.3}% 19
\BOOKMARK [3][-]{subsubsection.3.3.1}{Methods}{subsection.3.3}% 20
\BOOKMARK [3][-]{subsubsection.3.3.2}{Properties}{subsection.3.3}% 21
\BOOKMARK [2][-]{subsection.3.4}{Class DisjointSet}{section.3}% 22
\BOOKMARK [3][-]{subsubsection.3.4.1}{Methods}{subsection.3.4}% 23
\BOOKMARK [3][-]{subsubsection.3.4.2}{Properties}{subsection.3.4}% 24
\BOOKMARK [1][-]{section.4}{Module coinor.gimpy.tree}{}% 25
\BOOKMARK [2][-]{subsection.4.1}{Variables}{section.4}% 26
\BOOKMARK [2][-]{subsection.4.2}{Class Tree}{section.4}% 27
\BOOKMARK [3][-]{subsubsection.4.2.1}{Methods}{subsection.4.2}% 28
\BOOKMARK [3][-]{subsubsection.4.2.2}{Properties}{subsection.4.2}% 29
\BOOKMARK [2][-]{subsection.4.3}{Class BinaryTree}{section.4}% 30
\BOOKMARK [3][-]{subsubsection.4.3.1}{Methods}{subsection.4.3}% 31
\BOOKMARK [3][-]{subsubsection.4.3.2}{Properties}{subsection.4.3}% 32
\BOOKMARK [1][-]{section*.2}{Index}{}% 33
